{"/home/joker/Desktop/DRIVE/1-Bootcampt_program/SabaiCode_Program_Docs/Dev/BackEnd/e-commerce/src/database/repositories/category.repository.ts": {"path":"/home/joker/Desktop/DRIVE/1-Bootcampt_program/SabaiCode_Program_Docs/Dev/BackEnd/e-commerce/src/database/repositories/category.repository.ts","statementMap":{"0":{"start":{"line":2,"column":0},"end":{"line":2,"column":68}},"1":{"start":{"line":7,"column":8},"end":{"line":12,"column":9}},"2":{"start":{"line":8,"column":29},"end":{"line":8,"column":78}},"3":{"start":{"line":9,"column":12},"end":{"line":9,"column":null}},"4":{"start":{"line":11,"column":12},"end":{"line":11,"column":null}},"5":{"start":{"line":17,"column":8},"end":{"line":22,"column":9}},"6":{"start":{"line":18,"column":29},"end":{"line":18,"column":55}},"7":{"start":{"line":19,"column":12},"end":{"line":19,"column":null}},"8":{"start":{"line":21,"column":12},"end":{"line":21,"column":null}},"9":{"start":{"line":27,"column":8},"end":{"line":32,"column":9}},"10":{"start":{"line":28,"column":29},"end":{"line":28,"column":137}},"11":{"start":{"line":29,"column":12},"end":{"line":29,"column":null}},"12":{"start":{"line":31,"column":12},"end":{"line":31,"column":null}},"13":{"start":{"line":37,"column":8},"end":{"line":45,"column":9}},"14":{"start":{"line":38,"column":29},"end":{"line":38,"column":70}},"15":{"start":{"line":39,"column":12},"end":{"line":41,"column":13}},"16":{"start":{"line":40,"column":16},"end":{"line":40,"column":null}},"17":{"start":{"line":42,"column":12},"end":{"line":42,"column":null}},"18":{"start":{"line":44,"column":12},"end":{"line":44,"column":null}},"19":{"start":{"line":4,"column":0},"end":{"line":4,"column":13}},"20":{"start":{"line":49,"column":0},"end":{"line":49,"column":null}}},"fnMap":{"0":{"name":"(anonymous_8)","decl":{"start":{"line":6,"column":10},"end":{"line":6,"column":24}},"loc":{"start":{"line":6,"column":69},"end":{"line":13,"column":null}}},"1":{"name":"(anonymous_10)","decl":{"start":{"line":16,"column":10},"end":{"line":16,"column":24}},"loc":{"start":{"line":16,"column":24},"end":{"line":23,"column":null}}},"2":{"name":"(anonymous_12)","decl":{"start":{"line":26,"column":10},"end":{"line":26,"column":24}},"loc":{"start":{"line":26,"column":81},"end":{"line":33,"column":null}}},"3":{"name":"(anonymous_14)","decl":{"start":{"line":36,"column":10},"end":{"line":36,"column":24}},"loc":{"start":{"line":36,"column":35},"end":{"line":46,"column":null}}}},"branchMap":{"0":{"loc":{"start":{"line":39,"column":12},"end":{"line":41,"column":13}},"type":"if","locations":[{"start":{"line":39,"column":12},"end":{"line":41,"column":13}}]}},"s":{"0":2,"1":5,"2":5,"3":3,"4":2,"5":1,"6":1,"7":1,"8":0,"9":1,"10":1,"11":0,"12":1,"13":2,"14":2,"15":2,"16":1,"17":1,"18":1,"19":2,"20":2},"f":{"0":5,"1":1,"2":1,"3":2},"b":{"0":[1]}}
,"/home/joker/Desktop/DRIVE/1-Bootcampt_program/SabaiCode_Program_Docs/Dev/BackEnd/e-commerce/src/database/repositories/product.repository.ts": {"path":"/home/joker/Desktop/DRIVE/1-Bootcampt_program/SabaiCode_Program_Docs/Dev/BackEnd/e-commerce/src/database/repositories/product.repository.ts","statementMap":{"0":{"start":{"line":3,"column":0},"end":{"line":3,"column":50}},"1":{"start":{"line":8,"column":8},"end":{"line":13,"column":9}},"2":{"start":{"line":9,"column":28},"end":{"line":9,"column":75}},"3":{"start":{"line":10,"column":12},"end":{"line":10,"column":null}},"4":{"start":{"line":12,"column":12},"end":{"line":12,"column":null}},"5":{"start":{"line":18,"column":8},"end":{"line":23,"column":9}},"6":{"start":{"line":19,"column":28},"end":{"line":19,"column":53}},"7":{"start":{"line":20,"column":12},"end":{"line":20,"column":null}},"8":{"start":{"line":22,"column":12},"end":{"line":22,"column":null}},"9":{"start":{"line":28,"column":8},"end":{"line":36,"column":9}},"10":{"start":{"line":29,"column":30},"end":{"line":29,"column":61}},"11":{"start":{"line":30,"column":12},"end":{"line":32,"column":13}},"12":{"start":{"line":31,"column":16},"end":{"line":31,"column":null}},"13":{"start":{"line":33,"column":12},"end":{"line":33,"column":null}},"14":{"start":{"line":35,"column":12},"end":{"line":35,"column":null}},"15":{"start":{"line":41,"column":8},"end":{"line":46,"column":9}},"16":{"start":{"line":42,"column":34},"end":{"line":42,"column":130}},"17":{"start":{"line":43,"column":12},"end":{"line":43,"column":45}},"18":{"start":{"line":45,"column":12},"end":{"line":45,"column":null}},"19":{"start":{"line":51,"column":8},"end":{"line":57,"column":9}},"20":{"start":{"line":52,"column":28},"end":{"line":52,"column":153}},"21":{"start":{"line":54,"column":12},"end":{"line":54,"column":null}},"22":{"start":{"line":56,"column":12},"end":{"line":56,"column":null}},"23":{"start":{"line":62,"column":8},"end":{"line":69,"column":9}},"24":{"start":{"line":63,"column":28},"end":{"line":63,"column":68}},"25":{"start":{"line":64,"column":12},"end":{"line":66,"column":13}},"26":{"start":{"line":65,"column":16},"end":{"line":65,"column":null}},"27":{"start":{"line":68,"column":12},"end":{"line":68,"column":null}},"28":{"start":{"line":5,"column":0},"end":{"line":5,"column":13}},"29":{"start":{"line":72,"column":0},"end":{"line":72,"column":null}}},"fnMap":{"0":{"name":"(anonymous_8)","decl":{"start":{"line":7,"column":17},"end":{"line":7,"column":30}},"loc":{"start":{"line":7,"column":73},"end":{"line":14,"column":null}}},"1":{"name":"(anonymous_10)","decl":{"start":{"line":17,"column":17},"end":{"line":17,"column":30}},"loc":{"start":{"line":17,"column":30},"end":{"line":24,"column":null}}},"2":{"name":"(anonymous_12)","decl":{"start":{"line":27,"column":17},"end":{"line":27,"column":31}},"loc":{"start":{"line":27,"column":42},"end":{"line":37,"column":null}}},"3":{"name":"(anonymous_14)","decl":{"start":{"line":40,"column":17},"end":{"line":40,"column":30}},"loc":{"start":{"line":40,"column":72},"end":{"line":47,"column":null}}},"4":{"name":"(anonymous_16)","decl":{"start":{"line":50,"column":17},"end":{"line":50,"column":30}},"loc":{"start":{"line":50,"column":41},"end":{"line":58,"column":null}}},"5":{"name":"(anonymous_18)","decl":{"start":{"line":61,"column":17},"end":{"line":61,"column":27}},"loc":{"start":{"line":61,"column":37},"end":{"line":70,"column":null}}}},"branchMap":{"0":{"loc":{"start":{"line":30,"column":12},"end":{"line":32,"column":13}},"type":"if","locations":[{"start":{"line":30,"column":12},"end":{"line":32,"column":13}}]},"1":{"loc":{"start":{"line":64,"column":12},"end":{"line":66,"column":13}},"type":"if","locations":[{"start":{"line":64,"column":12},"end":{"line":66,"column":13}}]}},"s":{"0":0,"1":0,"2":0,"3":0,"4":0,"5":0,"6":0,"7":0,"8":0,"9":0,"10":0,"11":0,"12":0,"13":0,"14":0,"15":0,"16":0,"17":0,"18":0,"19":0,"20":0,"21":0,"22":0,"23":0,"24":0,"25":0,"26":0,"27":0,"28":0,"29":0},"f":{"0":0,"1":0,"2":0,"3":0,"4":0,"5":0},"b":{"0":[0],"1":[0]}}
,"/home/joker/Desktop/DRIVE/1-Bootcampt_program/SabaiCode_Program_Docs/Dev/BackEnd/e-commerce/src/middlewares/global-error.ts": {"path":"/home/joker/Desktop/DRIVE/1-Bootcampt_program/SabaiCode_Program_Docs/Dev/BackEnd/e-commerce/src/middlewares/global-error.ts","statementMap":{"0":{"start":{"line":6,"column":0},"end":{"line":6,"column":16}},"1":{"start":{"line":1,"column":0},"end":{"line":1,"column":73}},"2":{"start":{"line":2,"column":0},"end":{"line":2,"column":66}},"3":{"start":{"line":3,"column":0},"end":{"line":3,"column":50}},"4":{"start":{"line":8,"column":2},"end":{"line":15,"column":3}},"5":{"start":{"line":9,"column":19},"end":{"line":9,"column":31}},"6":{"start":{"line":10,"column":20},"end":{"line":10,"column":33}},"7":{"start":{"line":11,"column":19},"end":{"line":11,"column":31}},"8":{"start":{"line":13,"column":4},"end":{"line":13,"column":null}},"9":{"start":{"line":14,"column":4},"end":{"line":14,"column":null}},"10":{"start":{"line":18,"column":2},"end":{"line":18,"column":null}},"11":{"start":{"line":19,"column":2},"end":{"line":19,"column":null}},"12":{"start":{"line":22,"column":0},"end":{"line":22,"column":null}}},"fnMap":{"0":{"name":"globalErrorHandler","decl":{"start":{"line":6,"column":16},"end":{"line":6,"column":34}},"loc":{"start":{"line":6,"column":100},"end":{"line":20,"column":1}}}},"branchMap":{"0":{"loc":{"start":{"line":8,"column":2},"end":{"line":15,"column":3}},"type":"if","locations":[{"start":{"line":8,"column":2},"end":{"line":15,"column":3}}]}},"s":{"0":0,"1":0,"2":0,"3":0,"4":0,"5":0,"6":0,"7":0,"8":0,"9":0,"10":0,"11":0,"12":0},"f":{"0":0},"b":{"0":[0]}}
,"/home/joker/Desktop/DRIVE/1-Bootcampt_program/SabaiCode_Program_Docs/Dev/BackEnd/e-commerce/src/middlewares/validate-input.ts": {"path":"/home/joker/Desktop/DRIVE/1-Bootcampt_program/SabaiCode_Program_Docs/Dev/BackEnd/e-commerce/src/middlewares/validate-input.ts","statementMap":{"0":{"start":{"line":4,"column":24},"end":{"line":13,"column":1}},"1":{"start":{"line":5,"column":4},"end":{"line":12,"column":6}},"2":{"start":{"line":6,"column":26},"end":{"line":6,"column":74}},"3":{"start":{"line":7,"column":8},"end":{"line":10,"column":9}},"4":{"start":{"line":8,"column":27},"end":{"line":8,"column":66}},"5":{"start":{"line":8,"column":54},"end":{"line":8,"column":65}},"6":{"start":{"line":9,"column":12},"end":{"line":9,"column":54}},"7":{"start":{"line":11,"column":8},"end":{"line":11,"column":15}},"8":{"start":{"line":14,"column":0},"end":{"line":14,"column":31}}},"fnMap":{"0":{"name":"(anonymous_0)","decl":{"start":{"line":4,"column":24},"end":{"line":4,"column":25}},"loc":{"start":{"line":4,"column":53},"end":{"line":13,"column":1}}},"1":{"name":"(anonymous_1)","decl":{"start":{"line":5,"column":11},"end":{"line":5,"column":12}},"loc":{"start":{"line":5,"column":64},"end":{"line":12,"column":5}}},"2":{"name":"(anonymous_2)","decl":{"start":{"line":8,"column":45},"end":{"line":8,"column":46}},"loc":{"start":{"line":8,"column":54},"end":{"line":8,"column":65}}}},"branchMap":{"0":{"loc":{"start":{"line":7,"column":8},"end":{"line":10,"column":9}},"type":"if","locations":[{"start":{"line":7,"column":8},"end":{"line":10,"column":9}}]}},"s":{"0":1,"1":4,"2":4,"3":4,"4":3,"5":4,"6":3,"7":1,"8":1},"f":{"0":4,"1":4,"2":4},"b":{"0":[3]}}
}
