TN:
SF:src/database/repositories/category.repository.ts
FN:6,(anonymous_8)
FN:16,(anonymous_10)
FN:26,(anonymous_12)
FN:36,(anonymous_14)
FNF:4
FNH:4
FNDA:5,(anonymous_8)
FNDA:1,(anonymous_10)
FNDA:1,(anonymous_12)
FNDA:2,(anonymous_14)
DA:2,2
DA:4,2
DA:7,5
DA:8,5
DA:9,3
DA:11,2
DA:17,1
DA:18,1
DA:19,1
DA:21,0
DA:27,1
DA:28,1
DA:29,0
DA:31,1
DA:37,2
DA:38,2
DA:39,2
DA:40,1
DA:42,1
DA:44,1
DA:49,2
LF:21
LH:19
BRDA:39,0,0,1
BRF:1
BRH:1
end_of_record
TN:
SF:src/database/repositories/product.repository.ts
FN:7,(anonymous_8)
FN:17,(anonymous_10)
FN:27,(anonymous_12)
FN:40,(anonymous_14)
FN:50,(anonymous_16)
FN:61,(anonymous_18)
FNF:6
FNH:0
FNDA:0,(anonymous_8)
FNDA:0,(anonymous_10)
FNDA:0,(anonymous_12)
FNDA:0,(anonymous_14)
FNDA:0,(anonymous_16)
FNDA:0,(anonymous_18)
DA:3,0
DA:5,0
DA:8,0
DA:9,0
DA:10,0
DA:12,0
DA:18,0
DA:19,0
DA:20,0
DA:22,0
DA:28,0
DA:29,0
DA:30,0
DA:31,0
DA:33,0
DA:35,0
DA:41,0
DA:42,0
DA:43,0
DA:45,0
DA:51,0
DA:52,0
DA:54,0
DA:56,0
DA:62,0
DA:63,0
DA:64,0
DA:65,0
DA:68,0
DA:72,0
LF:30
LH:0
BRDA:30,0,0,0
BRDA:64,1,0,0
BRF:2
BRH:0
end_of_record
TN:
SF:src/middlewares/global-error.ts
FN:6,globalErrorHandler
FNF:1
FNH:0
FNDA:0,globalErrorHandler
DA:1,0
DA:2,0
DA:3,0
DA:6,0
DA:8,0
DA:9,0
DA:10,0
DA:11,0
DA:13,0
DA:14,0
DA:18,0
DA:19,0
DA:22,0
LF:13
LH:0
BRDA:8,0,0,0
BRF:1
BRH:0
end_of_record
TN:
SF:src/middlewares/validate-input.ts
FN:4,(anonymous_0)
FN:5,(anonymous_1)
FN:8,(anonymous_2)
FNF:3
FNH:3
FNDA:4,(anonymous_0)
FNDA:4,(anonymous_1)
FNDA:4,(anonymous_2)
DA:4,1
DA:5,4
DA:6,4
DA:7,4
DA:8,4
DA:9,3
DA:11,1
DA:14,1
LF:8
LH:8
BRDA:7,0,0,3
BRF:1
BRH:1
end_of_record
